BEGIN;
BEGIN
EXPLAIN (ANALYZE, BUFFERS)
select
	s_name,
	s_address
from
	supplier,
	nation
where
	s_suppkey in (
		select
			distinct (ps_suppkey)
		from
			partsupp,
			part
		where
			ps_partkey=p_partkey
			and p_name like 'gainsboro%'
			and ps_availqty > (
				select
					0.5 * sum(l_quantity)
				from
					lineitem
				where
					l_partkey = ps_partkey
					and l_suppkey = ps_suppkey
					and l_shipdate >= '1993-01-01'
					and l_shipdate < cast(date '1993-01-01' + interval '1 year' as date)
			)
	)
	and s_nationkey = n_nationkey
	and n_name = 'VIETNAM'
order by
	s_name;
                                                                                                  QUERY PLAN                                                                                                   
---------------------------------------------------------------------------------------------------------------------------------------------------------------------------------------------------------------
 Sort  (cost=12740713.76..12740716.68 rows=1169 width=51) (actual time=8495.653..8495.747 rows=1742 loops=1)
   Sort Key: supplier.s_name
   Sort Method: quicksort  Memory: 251kB
   Buffers: shared hit=2688642 read=394373 written=70778
   ->  Nested Loop  (cost=12736248.97..12740654.19 rows=1169 width=51) (actual time=8416.311..8490.430 rows=1742 loops=1)
         Join Filter: (supplier.s_nationkey = nation.n_nationkey)
         Rows Removed by Join Filter: 42690
         Buffers: shared hit=2688637 read=394373 written=70778
         ->  Seq Scan on nation  (cost=0.00..1.31 rows=1 width=4) (actual time=0.016..0.020 rows=1 loops=1)
               Filter: (n_name = 'VIETNAM'::bpchar)
               Rows Removed by Filter: 24
               Buffers: shared hit=1
         ->  Hash Semi Join  (cost=12736248.97..12740287.69 rows=29215 width=55) (actual time=8416.267..8486.237 rows=44432 loops=1)
               Hash Cond: (supplier.s_suppkey = partsupp.ps_suppkey)
               Buffers: shared hit=2688636 read=394373 written=70778
               ->  Seq Scan on supplier  (cost=0.00..3179.00 rows=100000 width=59) (actual time=0.010..30.506 rows=100000 loops=1)
                     Buffers: shared hit=2179
               ->  Hash  (cost=12735883.78..12735883.78 rows=29215 width=4) (actual time=8416.225..8416.225 rows=44432 loops=1)
                     Buckets: 4096  Batches: 1  Memory Usage: 1563kB
                     Buffers: shared hit=2686457 read=394373 written=70778
                     ->  HashAggregate  (cost=12735299.48..12735591.63 rows=29215 width=4) (actual time=8398.153..8407.707 rows=44432 loops=1)
                           Buffers: shared hit=2686457 read=394373 written=70778
                           ->  Nested Loop  (cost=0.00..12735226.45 rows=29215 width=4) (actual time=0.673..8354.709 rows=58608 loops=1)
                                 Buffers: shared hit=2686457 read=394373 written=70778
                                 ->  Seq Scan on part  (cost=0.00..65522.00 rows=22022 width=4) (actual time=0.036..519.041 rows=21606 loops=1)
                                       Filter: ((p_name)::text ~~ 'gainsboro%'::text)
                                       Rows Removed by Filter: 1978394
                                       Buffers: shared hit=40522
                                 ->  Index Scan using pk_partsupp on partsupp  (cost=0.00..575.31 rows=1 width=8) (actual time=0.312..0.361 rows=3 loops=21606)
                                       Index Cond: (ps_partkey = part.p_partkey)
                                       Filter: ((ps_availqty)::double precision > (SubPlan 1))
                                       Rows Removed by Filter: 1
                                       Buffers: shared hit=2645935 read=394373 written=70778
                                       SubPlan 1
                                         ->  Aggregate  (cost=140.92..140.93 rows=1 width=4) (actual time=0.085..0.086 rows=1 loops=86424)
                                               Buffers: shared hit=2556661 read=394364 written=70778
                                               ->  Index Scan using lineitem_l_partkey_l_quantity_l_shipmode_idx on lineitem  (cost=0.00..140.92 rows=1 width=4) (actual time=0.053..0.084 rows=1 loops=86424)
                                                     Index Cond: (l_partkey = partsupp.ps_partkey)
                                                     Filter: ((l_shipdate >= '1993-01-01'::date) AND (l_shipdate < '1994-01-01'::date) AND (l_suppkey = partsupp.ps_suppkey))
                                                     Rows Removed by Filter: 29
                                                     Buffers: shared hit=2556661 read=394364 written=70778
 Total runtime: 8497.085 ms
(42 rows)

COMMIT;
COMMIT
