BEGIN;
BEGIN
EXPLAIN (ANALYZE, BUFFERS)
select
	s_name,
	s_address
from
	supplier,
	nation
where
	s_suppkey in (
		select
			distinct (ps_suppkey)
		from
			partsupp,
			part
		where
			ps_partkey=p_partkey
			and p_name like 'thistle%'
			and ps_availqty > (
				select
					0.5 * sum(l_quantity)
				from
					lineitem
				where
					l_partkey = ps_partkey
					and l_suppkey = ps_suppkey
					and l_shipdate >= '1996-01-01'
					and l_shipdate < cast(date '1996-01-01' + interval '1 year' as date)
			)
	)
	and s_nationkey = n_nationkey
	and n_name = 'INDIA'
order by
	s_name;
                                                                                                  QUERY PLAN                                                                                                   
---------------------------------------------------------------------------------------------------------------------------------------------------------------------------------------------------------------
 Sort  (cost=12740713.76..12740716.68 rows=1169 width=51) (actual time=45238.094..45238.214 rows=1820 loops=1)
   Sort Key: supplier.s_name
   Sort Method: quicksort  Memory: 258kB
   Buffers: shared hit=2767571 read=330305 dirtied=922 written=105
   ->  Nested Loop  (cost=12736248.97..12740654.19 rows=1169 width=51) (actual time=44939.680..45227.540 rows=1820 loops=1)
         Join Filter: (supplier.s_nationkey = nation.n_nationkey)
         Rows Removed by Join Filter: 42646
         Buffers: shared hit=2767566 read=330305 dirtied=922 written=105
         ->  Seq Scan on nation  (cost=0.00..1.31 rows=1 width=4) (actual time=0.015..0.026 rows=1 loops=1)
               Filter: (n_name = 'INDIA'::bpchar)
               Rows Removed by Filter: 24
               Buffers: shared hit=1
         ->  Hash Semi Join  (cost=12736248.97..12740287.69 rows=29215 width=55) (actual time=44939.616..45220.462 rows=44466 loops=1)
               Hash Cond: (supplier.s_suppkey = partsupp.ps_suppkey)
               Buffers: shared hit=2767565 read=330305 dirtied=922 written=105
               ->  Seq Scan on supplier  (cost=0.00..3179.00 rows=100000 width=59) (actual time=0.019..71.250 rows=100000 loops=1)
                     Buffers: shared hit=2179
               ->  Hash  (cost=12735883.78..12735883.78 rows=29215 width=4) (actual time=44939.546..44939.546 rows=44466 loops=1)
                     Buckets: 4096  Batches: 1  Memory Usage: 1564kB
                     Buffers: shared hit=2765386 read=330305 dirtied=922 written=105
                     ->  HashAggregate  (cost=12735299.48..12735591.63 rows=29215 width=4) (actual time=44884.761..44920.075 rows=44466 loops=1)
                           Buffers: shared hit=2765386 read=330305 dirtied=922 written=105
                           ->  Nested Loop  (cost=0.00..12735226.45 rows=29215 width=4) (actual time=1.497..44701.205 rows=58797 loops=1)
                                 Buffers: shared hit=2765386 read=330305 dirtied=922 written=105
                                 ->  Seq Scan on part  (cost=0.00..65522.00 rows=22022 width=4) (actual time=0.015..2788.504 rows=21616 loops=1)
                                       Filter: ((p_name)::text ~~ 'thistle%'::text)
                                       Rows Removed by Filter: 1978384
                                       Buffers: shared hit=595 read=39927 written=10
                                 ->  Index Scan using pk_partsupp on partsupp  (cost=0.00..575.31 rows=1 width=8) (actual time=1.287..1.934 rows=3 loops=21616)
                                       Index Cond: (ps_partkey = part.p_partkey)
                                       Filter: ((ps_availqty)::double precision > (SubPlan 1))
                                       Rows Removed by Filter: 1
                                       Buffers: shared hit=2764791 read=290378 dirtied=922 written=95
                                       SubPlan 1
                                         ->  Aggregate  (cost=140.92..140.93 rows=1 width=4) (actual time=0.450..0.450 rows=1 loops=86464)
                                               Buffers: shared hit=2709340 read=256455 dirtied=922 written=81
                                               ->  Index Scan using lineitem_l_partkey_l_quantity_l_shipmode_idx on lineitem  (cost=0.00..140.92 rows=1 width=4) (actual time=0.286..0.446 rows=1 loops=86464)
                                                     Index Cond: (l_partkey = partsupp.ps_partkey)
                                                     Filter: ((l_shipdate >= '1996-01-01'::date) AND (l_shipdate < '1997-01-01'::date) AND (l_suppkey = partsupp.ps_suppkey))
                                                     Rows Removed by Filter: 29
                                                     Buffers: shared hit=2709340 read=256455 dirtied=922 written=81
 Total runtime: 45240.964 ms
(42 rows)

COMMIT;
COMMIT
