BEGIN;
BEGIN
EXPLAIN (ANALYZE, BUFFERS)
select
	supp_nation,
	cust_nation,
	l_year,
	sum(volume) as revenue
from
	(
		select
			n1.n_name as supp_nation,
			n2.n_name as cust_nation,
			extract(year from l_shipdate) as l_year,
			l_extendedprice * (1 - l_discount) as volume
		from
			supplier,
			lineitem,
			orders,
			customer,
			nation n1,
			nation n2
		where
			s_suppkey = l_suppkey
			and o_orderkey = l_orderkey
			and c_custkey = o_custkey
			and s_nationkey = n1.n_nationkey
			and c_nationkey = n2.n_nationkey
			and (
				(n1.n_name = 'CANADA' and n2.n_name = 'VIETNAM')
				or (n1.n_name = 'VIETNAM' and n2.n_name = 'CANADA')
			)
			and l_shipdate between date '1995-01-01' and date '1996-12-31'
	) as shipping
group by
	supp_nation,
	cust_nation,
	l_year
order by
	supp_nation,
	cust_nation,
	l_year;
                                                                                                  QUERY PLAN                                                                                                   
---------------------------------------------------------------------------------------------------------------------------------------------------------------------------------------------------------------
 GroupAggregate  (cost=2378863.73..2380781.55 rows=59010 width=64) (actual time=118586.051..118617.370 rows=4 loops=1)
   Buffers: shared hit=1313912 read=130071 written=31
   ->  Sort  (cost=2378863.73..2379011.25 rows=59010 width=64) (actual time=118574.523..118583.335 rows=58208 loops=1)
         Sort Key: n1.n_name, n2.n_name, (date_part('year'::text, (lineitem.l_shipdate)::timestamp without time zone))
         Sort Method: quicksort  Memory: 9722kB
         Buffers: shared hit=1313912 read=130071 written=31
         ->  Hash Join  (cost=902556.18..2374187.58 rows=59010 width=64) (actual time=55294.185..118213.363 rows=58208 loops=1)
               Hash Cond: ((lineitem.l_suppkey = supplier.s_suppkey) AND (n1.n_nationkey = supplier.s_nationkey))
               Buffers: shared hit=1313904 read=130071 written=31
               ->  Hash Join  (cost=897877.18..2339108.51 rows=1475746 width=72) (actual time=55149.534..114317.939 rows=1450259 loops=1)
                     Hash Cond: (lineitem.l_orderkey = orders.o_orderkey)
                     Buffers: shared hit=1311722 read=130071 written=31
                     ->  Bitmap Heap Scan on lineitem  (cost=388934.16..1746177.05 rows=18461593 width=20) (actual time=16885.225..52510.409 rows=18228553 loops=1)
                           Recheck Cond: ((l_shipdate >= '1995-01-01'::date) AND (l_shipdate <= '1996-12-31'::date))
                           Buffers: shared hit=996604 read=129906 written=27
                           ->  Bitmap Index Scan on lineitem_l_shipdate_l_suppkey__idx  (cost=0.00..384318.76 rows=18461593 width=0) (actual time=16046.284..16046.284 rows=18491953 loops=1)
                                 Index Cond: ((l_shipdate >= '1995-01-01'::date) AND (l_shipdate <= '1996-12-31'::date))
                                 Buffers: shared hit=25592 read=24223 written=27
                     ->  Hash  (cost=493745.30..493745.30 rows=1215818 width=60) (actual time=38263.466..38263.466 rows=1195494 loops=1)
                           Buckets: 131072  Batches: 1  Memory Usage: 107408kB
                           Buffers: shared hit=315118 read=165 written=4
                           ->  Hash Join  (cost=15638.06..493745.30 rows=1215818 width=60) (actual time=1012.361..37386.436 rows=1195494 loops=1)
                                 Hash Cond: (orders.o_custkey = customer.c_custkey)
                                 Buffers: shared hit=315118 read=165 written=4
                                 ->  Seq Scan on orders  (cost=0.00..408911.95 rows=15209895 width=8) (actual time=0.015..7920.862 rows=15000000 loops=1)
                                       Buffers: shared hit=256813
                                 ->  Hash  (cost=14139.26..14139.26 rows=119904 width=60) (actual time=1012.234..1012.234 rows=119846 loops=1)
                                       Buckets: 16384  Batches: 1  Memory Usage: 10768kB
                                       Buffers: shared hit=58305 read=165 written=4
                                       ->  Nested Loop  (cost=905.09..14139.26 rows=119904 width=60) (actual time=30.794..900.565 rows=119846 loops=1)
                                             Buffers: shared hit=58305 read=165 written=4
                                             ->  Nested Loop  (cost=0.00..28.00 rows=2 width=60) (actual time=0.109..0.460 rows=2 loops=1)
                                                   Join Filter: (((n1.n_name = 'CANADA'::bpchar) AND (n2.n_name = 'VIETNAM'::bpchar)) OR ((n1.n_name = 'VIETNAM'::bpchar) AND (n2.n_name = 'CANADA'::bpchar)))
                                                   Rows Removed by Join Filter: 623
                                                   Buffers: shared hit=3
                                                   ->  Index Scan using pk_nation on nation n1  (cost=0.00..12.63 rows=25 width=30) (actual time=0.014..0.037 rows=25 loops=1)
                                                         Buffers: shared hit=2
                                                   ->  Materialize  (cost=0.00..1.38 rows=25 width=30) (actual time=0.001..0.004 rows=25 loops=25)
                                                         Buffers: shared hit=1
                                                         ->  Seq Scan on nation n2  (cost=0.00..1.25 rows=25 width=30) (actual time=0.009..0.012 rows=25 loops=1)
                                                               Buffers: shared hit=1
                                             ->  Bitmap Heap Scan on customer  (cost=905.09..6455.63 rows=60000 width=8) (actual time=35.635..426.627 rows=59923 loops=2)
                                                   Recheck Cond: (c_nationkey = n2.n_nationkey)
                                                   Buffers: shared hit=58302 read=165 written=4
                                                   ->  Bitmap Index Scan on customer_c_nationkey_c_custkey_idx  (cost=0.00..890.09 rows=60000 width=0) (actual time=25.846..25.846 rows=59923 loops=2)
                                                         Index Cond: (c_nationkey = n2.n_nationkey)
                                                         Buffers: shared hit=169 read=165 written=4
               ->  Hash  (cost=3179.00..3179.00 rows=100000 width=8) (actual time=144.115..144.115 rows=100000 loops=1)
                     Buckets: 16384  Batches: 1  Memory Usage: 3907kB
                     Buffers: shared hit=2179
                     ->  Seq Scan on supplier  (cost=0.00..3179.00 rows=100000 width=8) (actual time=0.014..94.881 rows=100000 loops=1)
                           Buffers: shared hit=2179
 Total runtime: 118651.975 ms
(53 rows)

COMMIT;
COMMIT
