BEGIN;
BEGIN
EXPLAIN (ANALYZE, BUFFERS)
select
	s_name,
	s_address
from
	supplier,
	nation
where
	s_suppkey in (
		select
			distinct (ps_suppkey)
		from
			partsupp,
			part
		where
			ps_partkey=p_partkey
			and p_name like 'misty%'
			and ps_availqty > (
				select
					0.5 * sum(l_quantity)
				from
					lineitem
				where
					l_partkey = ps_partkey
					and l_suppkey = ps_suppkey
					and l_shipdate >= '1994-01-01'
					and l_shipdate < cast(date '1994-01-01' + interval '1 year' as date)
			)
	)
	and s_nationkey = n_nationkey
	and n_name = 'MOROCCO'
order by
	s_name;
                                                                                               QUERY PLAN                                                                                                
---------------------------------------------------------------------------------------------------------------------------------------------------------------------------------------------------------
 Sort  (cost=11590861.19..11590863.85 rows=1062 width=51) (actual time=35732.367..35732.560 rows=1780 loops=1)
   Sort Key: supplier.s_name
   Sort Method: quicksort  Memory: 255kB
   Buffers: shared hit=2684733 read=368441 dirtied=4458
   ->  Hash Semi Join  (cost=11588464.71..11590807.81 rows=1062 width=51) (actual time=35689.454..35712.694 rows=1780 loops=1)
         Hash Cond: (supplier.s_suppkey = partsupp.ps_suppkey)
         Buffers: shared hit=2684728 read=368441 dirtied=4458
         ->  Nested Loop  (cost=79.26..2391.58 rows=4000 width=55) (actual time=3.455..21.096 rows=3990 loops=1)
               Buffers: shared hit=1856 read=12
               ->  Seq Scan on nation  (cost=0.00..1.31 rows=1 width=4) (actual time=0.023..0.034 rows=1 loops=1)
                     Filter: (n_name = 'MOROCCO'::bpchar)
                     Rows Removed by Filter: 24
                     Buffers: shared hit=1
               ->  Bitmap Heap Scan on supplier  (cost=79.26..2350.26 rows=4000 width=59) (actual time=3.422..19.614 rows=3990 loops=1)
                     Recheck Cond: (s_nationkey = nation.n_nationkey)
                     Buffers: shared hit=1855 read=12
                     ->  Bitmap Index Scan on supplier_s_nationkey_s_suppkey_idx  (cost=0.00..78.26 rows=4000 width=0) (actual time=2.674..2.674 rows=3990 loops=1)
                           Index Cond: (s_nationkey = nation.n_nationkey)
                           Buffers: shared hit=2 read=12
         ->  Hash  (cost=11588053.46..11588053.46 rows=26559 width=4) (actual time=35685.874..35685.874 rows=43928 loops=1)
               Buckets: 4096  Batches: 1  Memory Usage: 1545kB
               Buffers: shared hit=2682872 read=368429 dirtied=4458
               ->  HashAggregate  (cost=11587522.28..11587787.87 rows=26559 width=4) (actual time=35637.264..35665.227 rows=43928 loops=1)
                     Buffers: shared hit=2682872 read=368429 dirtied=4458
                     ->  Nested Loop  (cost=0.00..11587455.88 rows=26559 width=4) (actual time=3.200..35477.940 rows=57721 loops=1)
                           Buffers: shared hit=2682872 read=368429 dirtied=4458
                           ->  Seq Scan on part  (cost=0.00..65522.00 rows=20020 width=4) (actual time=0.023..2199.447 rows=21291 loops=1)
                                 Filter: ((p_name)::text ~~ 'misty%'::text)
                                 Rows Removed by Filter: 1978709
                                 Buffers: shared hit=1 read=40521
                           ->  Index Scan using pk_partsupp on partsupp  (cost=0.00..575.51 rows=1 width=8) (actual time=1.056..1.559 rows=3 loops=21291)
                                 Index Cond: (ps_partkey = part.p_partkey)
                                 Filter: ((ps_availqty)::double precision > (SubPlan 1))
                                 Rows Removed by Filter: 1
                                 Buffers: shared hit=2682871 read=327908 dirtied=4458
                                 SubPlan 1
                                   ->  Aggregate  (cost=140.92..140.93 rows=1 width=4) (actual time=0.367..0.368 rows=1 loops=85164)
                                         Buffers: shared hit=2619455 read=303393 dirtied=4458
                                         ->  Index Scan using lineitem_l_partkey_l_quantity_l_shipmode_idx on lineitem  (cost=0.00..140.92 rows=1 width=4) (actual time=0.233..0.364 rows=1 loops=85164)
                                               Index Cond: (l_partkey = partsupp.ps_partkey)
                                               Filter: ((l_shipdate >= '1994-01-01'::date) AND (l_shipdate < '1995-01-01'::date) AND (l_suppkey = partsupp.ps_suppkey))
                                               Rows Removed by Filter: 29
                                               Buffers: shared hit=2619455 read=303393 dirtied=4458
 Total runtime: 35734.918 ms
(44 rows)

COMMIT;
COMMIT
