BEGIN;
BEGIN
EXPLAIN (ANALYZE, BUFFERS)
select
	s_name,
	s_address
from
	supplier,
	nation
where
	s_suppkey in (
		select
			distinct (ps_suppkey)
		from
			partsupp,
			part
		where
			ps_partkey=p_partkey
			and p_name like 'peach%'
			and ps_availqty > (
				select
					0.5 * sum(l_quantity)
				from
					lineitem
				where
					l_partkey = ps_partkey
					and l_suppkey = ps_suppkey
					and l_shipdate >= '1997-01-01'
					and l_shipdate < cast(date '1997-01-01' + interval '1 year' as date)
			)
	)
	and s_nationkey = n_nationkey
	and n_name = 'MOZAMBIQUE'
order by
	s_name;
                                                                                                  QUERY PLAN                                                                                                   
---------------------------------------------------------------------------------------------------------------------------------------------------------------------------------------------------------------
 Sort  (cost=12740713.76..12740716.68 rows=1169 width=51) (actual time=33527.187..33527.328 rows=1801 loops=1)
   Sort Key: supplier.s_name
   Sort Method: quicksort  Memory: 258kB
   Buffers: shared hit=2798630 read=374023 dirtied=3602
   ->  Nested Loop  (cost=12736248.97..12740654.19 rows=1169 width=51) (actual time=33286.739..33505.886 rows=1801 loops=1)
         Join Filter: (supplier.s_nationkey = nation.n_nationkey)
         Rows Removed by Join Filter: 43787
         Buffers: shared hit=2798625 read=374023 dirtied=3602
         ->  Seq Scan on nation  (cost=0.00..1.31 rows=1 width=4) (actual time=0.018..0.029 rows=1 loops=1)
               Filter: (n_name = 'MOZAMBIQUE'::bpchar)
               Rows Removed by Filter: 24
               Buffers: shared hit=1
         ->  Hash Semi Join  (cost=12736248.97..12740287.69 rows=29215 width=55) (actual time=33286.678..33500.294 rows=45588 loops=1)
               Hash Cond: (supplier.s_suppkey = partsupp.ps_suppkey)
               Buffers: shared hit=2798624 read=374023 dirtied=3602
               ->  Seq Scan on supplier  (cost=0.00..3179.00 rows=100000 width=59) (actual time=0.026..48.938 rows=100000 loops=1)
                     Buffers: shared hit=2179
               ->  Hash  (cost=12735883.78..12735883.78 rows=29215 width=4) (actual time=33286.606..33286.606 rows=45588 loops=1)
                     Buckets: 4096  Batches: 1  Memory Usage: 1603kB
                     Buffers: shared hit=2796445 read=374023 dirtied=3602
                     ->  HashAggregate  (cost=12735299.48..12735591.63 rows=29215 width=4) (actual time=33250.802..33276.233 rows=45588 loops=1)
                           Buffers: shared hit=2796445 read=374023 dirtied=3602
                           ->  Nested Loop  (cost=0.00..12735226.45 rows=29215 width=4) (actual time=1.113..33092.790 rows=60456 loops=1)
                                 Buffers: shared hit=2796445 read=374023 dirtied=3602
                                 ->  Seq Scan on part  (cost=0.00..65522.00 rows=22022 width=4) (actual time=0.189..1909.820 rows=22117 loops=1)
                                       Filter: ((p_name)::text ~~ 'peach%'::text)
                                       Rows Removed by Filter: 1977883
                                       Buffers: shared hit=18225 read=22297
                                 ->  Index Scan using pk_partsupp on partsupp  (cost=0.00..575.31 rows=1 width=8) (actual time=1.006..1.406 rows=3 loops=22117)
                                       Index Cond: (ps_partkey = part.p_partkey)
                                       Filter: ((ps_availqty)::double precision > (SubPlan 1))
                                       Rows Removed by Filter: 1
                                       Buffers: shared hit=2778220 read=351726 dirtied=3602
                                       SubPlan 1
                                         ->  Aggregate  (cost=140.92..140.93 rows=1 width=4) (actual time=0.331..0.331 rows=1 loops=88468)
                                               Buffers: shared hit=2709553 read=329066 dirtied=3602
                                               ->  Index Scan using lineitem_l_partkey_l_quantity_l_shipmode_idx on lineitem  (cost=0.00..140.92 rows=1 width=4) (actual time=0.208..0.328 rows=1 loops=88468)
                                                     Index Cond: (l_partkey = partsupp.ps_partkey)
                                                     Filter: ((l_shipdate >= '1997-01-01'::date) AND (l_shipdate < '1998-01-01'::date) AND (l_suppkey = partsupp.ps_suppkey))
                                                     Rows Removed by Filter: 29
                                                     Buffers: shared hit=2709553 read=329066 dirtied=3602
 Total runtime: 33529.378 ms
(42 rows)

COMMIT;
COMMIT
