BEGIN;
BEGIN
EXPLAIN (ANALYZE, BUFFERS)
select
	s_name,
	s_address
from
	supplier,
	nation
where
	s_suppkey in (
		select
			distinct (ps_suppkey)
		from
			partsupp,
			part
		where
			ps_partkey=p_partkey
			and p_name like 'coral%'
			and ps_availqty > (
				select
					0.5 * sum(l_quantity)
				from
					lineitem
				where
					l_partkey = ps_partkey
					and l_suppkey = ps_suppkey
					and l_shipdate >= '1996-01-01'
					and l_shipdate < cast(date '1996-01-01' + interval '1 year' as date)
			)
	)
	and s_nationkey = n_nationkey
	and n_name = 'BRAZIL'
order by
	s_name;
                                                                                                  QUERY PLAN                                                                                                   
---------------------------------------------------------------------------------------------------------------------------------------------------------------------------------------------------------------
 Sort  (cost=12740713.76..12740716.68 rows=1169 width=51) (actual time=32966.044..32966.182 rows=1825 loops=1)
   Sort Key: supplier.s_name
   Sort Method: quicksort  Memory: 262kB
   Buffers: shared hit=2744977 read=355163 dirtied=3482 written=142
   ->  Nested Loop  (cost=12736248.97..12740654.19 rows=1169 width=51) (actual time=32729.080..32954.388 rows=1825 loops=1)
         Join Filter: (supplier.s_nationkey = nation.n_nationkey)
         Rows Removed by Join Filter: 42720
         Buffers: shared hit=2744972 read=355163 dirtied=3482 written=142
         ->  Seq Scan on nation  (cost=0.00..1.31 rows=1 width=4) (actual time=0.013..0.028 rows=1 loops=1)
               Filter: (n_name = 'BRAZIL'::bpchar)
               Rows Removed by Filter: 24
               Buffers: shared hit=1
         ->  Hash Semi Join  (cost=12736248.97..12740287.69 rows=29215 width=55) (actual time=32728.909..32946.548 rows=44545 loops=1)
               Hash Cond: (supplier.s_suppkey = partsupp.ps_suppkey)
               Buffers: shared hit=2744971 read=355163 dirtied=3482 written=142
               ->  Seq Scan on supplier  (cost=0.00..3179.00 rows=100000 width=59) (actual time=0.028..67.863 rows=100000 loops=1)
                     Buffers: shared hit=2179
               ->  Hash  (cost=12735883.78..12735883.78 rows=29215 width=4) (actual time=32728.841..32728.841 rows=44545 loops=1)
                     Buckets: 4096  Batches: 1  Memory Usage: 1567kB
                     Buffers: shared hit=2742792 read=355163 dirtied=3482 written=142
                     ->  HashAggregate  (cost=12735299.48..12735591.63 rows=29215 width=4) (actual time=32685.471..32712.614 rows=44545 loops=1)
                           Buffers: shared hit=2742792 read=355163 dirtied=3482 written=142
                           ->  Nested Loop  (cost=0.00..12735226.45 rows=29215 width=4) (actual time=4.345..32525.796 rows=58831 loops=1)
                                 Buffers: shared hit=2742792 read=355163 dirtied=3482 written=142
                                 ->  Seq Scan on part  (cost=0.00..65522.00 rows=22022 width=4) (actual time=0.012..1873.700 rows=21630 loops=1)
                                       Filter: ((p_name)::text ~~ 'coral%'::text)
                                       Rows Removed by Filter: 1978370
                                       Buffers: shared hit=16667 read=23855 written=2
                                 ->  Index Scan using pk_partsupp on partsupp  (cost=0.00..575.31 rows=1 width=8) (actual time=1.015..1.413 rows=3 loops=21630)
                                       Index Cond: (ps_partkey = part.p_partkey)
                                       Filter: ((ps_availqty)::double precision > (SubPlan 1))
                                       Rows Removed by Filter: 1
                                       Buffers: shared hit=2726125 read=331308 dirtied=3482 written=140
                                       SubPlan 1
                                         ->  Aggregate  (cost=140.92..140.93 rows=1 width=4) (actual time=0.329..0.330 rows=1 loops=86520)
                                               Buffers: shared hit=2663837 read=304304 dirtied=3482 written=134
                                               ->  Index Scan using lineitem_l_partkey_l_quantity_l_shipmode_idx on lineitem  (cost=0.00..140.92 rows=1 width=4) (actual time=0.210..0.326 rows=1 loops=86520)
                                                     Index Cond: (l_partkey = partsupp.ps_partkey)
                                                     Filter: ((l_shipdate >= '1996-01-01'::date) AND (l_shipdate < '1997-01-01'::date) AND (l_suppkey = partsupp.ps_suppkey))
                                                     Rows Removed by Filter: 29
                                                     Buffers: shared hit=2663837 read=304304 dirtied=3482 written=134
 Total runtime: 32968.022 ms
(42 rows)

COMMIT;
COMMIT
