BEGIN;
BEGIN
EXPLAIN (ANALYZE, BUFFERS)
select
	o_year,
	sum(case
		when nation = 'GERMANY' then volume
		else 0
	end) / sum(volume) as mkt_share
from
	(
		select
			extract(year from o_orderdate) as o_year,
			l_extendedprice * (1 - l_discount) as volume,
			n2.n_name as nation
		from
			part,
			supplier,
			lineitem,
			orders,
			customer,
			nation n1,
			nation n2,
			region
		where
			p_partkey = l_partkey
			and s_suppkey = l_suppkey
			and l_orderkey = o_orderkey
			and o_custkey = c_custkey
			and c_nationkey = n1.n_nationkey
			and n1.n_regionkey = r_regionkey
			and r_name = 'EUROPE'
			and s_nationkey = n2.n_nationkey
			and o_orderdate between date '1995-01-01' and date '1996-12-31'
			and p_type = 'ECONOMY BRUSHED NICKEL'
	) as all_nations
group by
	o_year
order by
	o_year;
                                                                                                 QUERY PLAN                                                                                                  
-------------------------------------------------------------------------------------------------------------------------------------------------------------------------------------------------------------
 Sort  (cost=2203193.96..2203195.78 rows=728 width=38) (actual time=50241.043..50241.045 rows=2 loops=1)
   Sort Key: (date_part('year'::text, (orders.o_orderdate)::timestamp without time zone))
   Sort Method: quicksort  Memory: 25kB
   Buffers: shared hit=746268 read=261492 dirtied=585 written=46
   ->  HashAggregate  (cost=2203146.61..2203159.35 rows=728 width=38) (actual time=50240.960..50240.962 rows=2 loops=1)
         Buffers: shared hit=746265 read=261492 dirtied=585 written=46
         ->  Nested Loop  (cost=496018.70..2202650.29 rows=24816 width=38) (actual time=28878.231..50131.837 rows=24505 loops=1)
               Buffers: shared hit=746265 read=261492 dirtied=585 written=46
               ->  Nested Loop  (cost=496018.70..2195572.76 rows=24816 width=16) (actual time=28878.156..49694.557 rows=24505 loops=1)
                     Buffers: shared hit=697255 read=261492 dirtied=585 written=46
                     ->  Hash Join  (cost=496018.70..2188343.94 rows=24824 width=16) (actual time=28878.111..48585.410 rows=24505 loops=1)
                           Hash Cond: (lineitem.l_orderkey = orders.o_orderkey)
                           Buffers: shared hit=623617 read=261492 dirtied=585 written=46
                           ->  Nested Loop  (cost=0.00..1690023.23 rows=410755 width=16) (actual time=0.439..18138.906 rows=403033 loops=1)
                                 Buffers: shared hit=217755 read=254154 dirtied=585 written=46
                                 ->  Index Only Scan using part_p_type_p_partkey_idx on part  (cost=0.00..47218.67 rows=13627 width=4) (actual time=0.364..298.906 rows=13425 loops=1)
                                       Index Cond: (p_type = 'ECONOMY BRUSHED NICKEL'::text)
                                       Heap Fetches: 13425
                                       Buffers: shared hit=8579 read=2954
                                 ->  Index Scan using lineitem_l_partkey_l_quantity_l_shipmode_idx on lineitem  (cost=0.00..120.25 rows=31 width=20) (actual time=0.134..1.310 rows=30 loops=13425)
                                       Index Cond: (l_partkey = part.p_partkey)
                                       Buffers: shared hit=209176 read=251200 dirtied=585 written=46
                           ->  Hash  (cost=484630.62..484630.62 rows=911046 width=8) (actual time=28876.512..28876.512 rows=913804 loops=1)
                                 Buckets: 131072  Batches: 1  Memory Usage: 35696kB
                                 Buffers: shared hit=405859 read=7338
                                 ->  Hash Join  (cost=135575.62..484630.62 rows=911046 width=8) (actual time=5788.244..27454.698 rows=913804 loops=1)
                                       Hash Cond: (orders.o_custkey = customer.c_custkey)
                                       Buffers: shared hit=405859 read=7338
                                       ->  Bitmap Heap Scan on orders  (cost=96545.00..419407.43 rows=4555229 width=12) (actual time=3570.773..10768.809 rows=4561668 loops=1)
                                             Recheck Cond: ((o_orderdate >= '1995-01-01'::date) AND (o_orderdate <= '1996-12-31'::date))
                                             Buffers: shared hit=260514 read=6506
                                             ->  Bitmap Index Scan on orders_o_orderdate_o_orderkey_idx  (cost=0.00..95406.19 rows=4555229 width=0) (actual time=3425.003..3425.003 rows=4579958 loops=1)
                                                   Index Cond: ((o_orderdate >= '1995-01-01'::date) AND (o_orderdate <= '1996-12-31'::date))
                                                   Buffers: shared hit=6251 read=6235
                                       ->  Hash  (cost=35280.62..35280.62 rows=300000 width=4) (actual time=2217.193..2217.193 rows=300963 loops=1)
                                             Buckets: 32768  Batches: 1  Memory Usage: 10581kB
                                             Buffers: shared hit=145345 read=832
                                             ->  Nested Loop  (cost=906.17..35280.62 rows=300000 width=4) (actual time=44.013..1449.653 rows=300963 loops=1)
                                                   Buffers: shared hit=145345 read=832
                                                   ->  Hash Join  (cost=1.07..2.47 rows=5 width=4) (actual time=0.039..0.100 rows=5 loops=1)
                                                         Hash Cond: (n1.n_regionkey = region.r_regionkey)
                                                         Buffers: shared hit=2
                                                         ->  Seq Scan on nation n1  (cost=0.00..1.25 rows=25 width=8) (actual time=0.006..0.018 rows=25 loops=1)
                                                               Buffers: shared hit=1
                                                         ->  Hash  (cost=1.06..1.06 rows=1 width=4) (actual time=0.019..0.019 rows=1 loops=1)
                                                               Buckets: 1024  Batches: 1  Memory Usage: 1kB
                                                               Buffers: shared hit=1
                                                               ->  Seq Scan on region  (cost=0.00..1.06 rows=1 width=4) (actual time=0.017..0.018 rows=1 loops=1)
                                                                     Filter: (r_name = 'EUROPE'::bpchar)
                                                                     Rows Removed by Filter: 4
                                                                     Buffers: shared hit=1
                                                   ->  Bitmap Heap Scan on customer  (cost=905.09..6455.63 rows=60000 width=8) (actual time=34.614..271.403 rows=60193 loops=5)
                                                         Recheck Cond: (c_nationkey = n1.n_nationkey)
                                                         Buffers: shared hit=145343 read=832
                                                         ->  Bitmap Index Scan on customer_c_nationkey_c_custkey_idx  (cost=0.00..890.09 rows=60000 width=0) (actual time=24.426..24.426 rows=60193 loops=5)
                                                               Index Cond: (c_nationkey = n1.n_nationkey)
                                                               Buffers: shared hit=10 read=829
                     ->  Index Scan using pk_supplier on supplier  (cost=0.00..0.28 rows=1 width=8) (actual time=0.042..0.042 rows=1 loops=24505)
                           Index Cond: (s_suppkey = lineitem.l_suppkey)
                           Buffers: shared hit=73638
               ->  Index Scan using pk_nation on nation n2  (cost=0.00..0.27 rows=1 width=30) (actual time=0.012..0.013 rows=1 loops=24505)
                     Index Cond: (n_nationkey = supplier.s_nationkey)
                     Buffers: shared hit=49010
 Total runtime: 50259.178 ms
(64 rows)

COMMIT;
COMMIT
