BEGIN;
BEGIN
EXPLAIN (ANALYZE, BUFFERS)
select
	c_custkey,
	c_name,
	sum(l_extendedprice * (1 - l_discount)) as revenue,
	c_acctbal,
	n_name,
	c_address,
	c_phone,
	c_comment
from
	customer,
	orders,
	lineitem,
	nation
where
	c_custkey = o_custkey
	and l_orderkey = o_orderkey
	and o_orderdate >= date '1994-08-01'
	and o_orderdate < cast(date '1994-08-01' + interval '3 month' as date)
	and l_returnflag = 'R'
	and c_nationkey = n_nationkey
group by
	c_custkey,
	c_name,
	c_acctbal,
	c_phone,
	n_name,
	c_address,
	c_comment
order by
	revenue desc
LIMIT 20;
                                                                                                QUERY PLAN                                                                                                 
-----------------------------------------------------------------------------------------------------------------------------------------------------------------------------------------------------------
 Limit  (cost=1185731.27..1185731.32 rows=20 width=175) (actual time=45264.212..45264.220 rows=20 loops=1)
   Buffers: shared hit=1359897 read=69050 dirtied=117
   ->  Sort  (cost=1185731.27..1187144.94 rows=565466 width=175) (actual time=45264.209..45264.215 rows=20 loops=1)
         Sort Key: (sum((lineitem.l_extendedprice * (1::double precision - lineitem.l_discount))))
         Sort Method: top-N heapsort  Memory: 30kB
         Buffers: shared hit=1359897 read=69050 dirtied=117
         ->  HashAggregate  (cost=1165029.76..1170684.42 rows=565466 width=175) (actual time=44700.089..45081.778 rows=381547 loops=1)
               Buffers: shared hit=1359894 read=69050 dirtied=117
               ->  Hash Join  (cost=400307.40..1150893.11 rows=565466 width=175) (actual time=6732.148..40871.638 rows=1146799 loops=1)
                     Hash Cond: (customer.c_nationkey = nation.n_nationkey)
                     Buffers: shared hit=1359894 read=69050 dirtied=117
                     ->  Hash Join  (cost=400305.83..1143116.39 rows=565466 width=153) (actual time=6732.110..40055.461 rows=1146799 loops=1)
                           Hash Cond: (orders.o_custkey = customer.c_custkey)
                           Buffers: shared hit=1359893 read=69050 dirtied=117
                           ->  Merge Join  (cost=331277.83..1062779.07 rows=565466 width=12) (actual time=3825.291..34032.379 rows=1146799 loops=1)
                                 Merge Cond: (orders.o_orderkey = lineitem.l_orderkey)
                                 Buffers: shared hit=1325979 read=67686 dirtied=117
                                 ->  Sort  (cost=331277.81..332719.22 rows=576562 width=8) (actual time=3824.920..4013.816 rows=573832 loops=1)
                                       Sort Key: orders.o_orderkey
                                       Sort Method: quicksort  Memory: 51475kB
                                       Buffers: shared hit=228955 read=2422
                                       ->  Bitmap Heap Scan on orders  (cost=12419.71..276109.14 rows=576562 width=8) (actual time=305.104..3572.578 rows=573832 loops=1)
                                             Recheck Cond: ((o_orderdate >= '1994-08-01'::date) AND (o_orderdate < '1994-11-01'::date))
                                             Buffers: shared hit=228955 read=2422
                                             ->  Bitmap Index Scan on orders_o_orderdate_o_orderkey_idx  (cost=0.00..12275.57 rows=576562 width=0) (actual time=224.770..224.770 rows=577238 loops=1)
                                                   Index Cond: ((o_orderdate >= '1994-08-01'::date) AND (o_orderdate < '1994-11-01'::date))
                                                   Buffers: shared read=1635
                                 ->  Index Scan using lineitem_l_orderkey_idx_l_returnflag on lineitem  (cost=0.00..685928.18 rows=14814245 width=12) (actual time=0.243..26468.567 rows=14822937 loops=1)
                                       Buffers: shared hit=1097024 read=65264 dirtied=117
                           ->  Hash  (cost=50278.00..50278.00 rows=1500000 width=145) (actual time=2904.955..2904.955 rows=1500000 loops=1)
                                 Buckets: 262144  Batches: 1  Memory Usage: 265117kB
                                 Buffers: shared hit=33914 read=1364
                                 ->  Seq Scan on customer  (cost=0.00..50278.00 rows=1500000 width=145) (actual time=0.013..1283.557 rows=1500000 loops=1)
                                       Buffers: shared hit=33914 read=1364
                     ->  Hash  (cost=1.25..1.25 rows=25 width=30) (actual time=0.018..0.018 rows=25 loops=1)
                           Buckets: 1024  Batches: 1  Memory Usage: 2kB
                           Buffers: shared hit=1
                           ->  Seq Scan on nation  (cost=0.00..1.25 rows=25 width=30) (actual time=0.006..0.013 rows=25 loops=1)
                                 Buffers: shared hit=1
 Total runtime: 45333.885 ms
(40 rows)

COMMIT;
COMMIT
