BEGIN;
BEGIN
EXPLAIN (ANALYZE, BUFFERS)
select
	c_custkey,
	c_name,
	sum(l_extendedprice * (1 - l_discount)) as revenue,
	c_acctbal,
	n_name,
	c_address,
	c_phone,
	c_comment
from
	customer,
	orders,
	lineitem,
	nation
where
	c_custkey = o_custkey
	and l_orderkey = o_orderkey
	and o_orderdate >= date '1994-06-01'
	and o_orderdate < cast(date '1994-06-01' + interval '3 month' as date)
	and l_returnflag = 'R'
	and c_nationkey = n_nationkey
group by
	c_custkey,
	c_name,
	c_acctbal,
	c_phone,
	n_name,
	c_address,
	c_comment
order by
	revenue desc
LIMIT 20;
                                                                                                QUERY PLAN                                                                                                 
-----------------------------------------------------------------------------------------------------------------------------------------------------------------------------------------------------------
 Limit  (cost=1187511.24..1187511.29 rows=20 width=175) (actual time=52187.715..52187.721 rows=20 loops=1)
   Buffers: shared hit=442166 read=981358 written=46100
   ->  Sort  (cost=1187511.24..1188922.36 rows=564448 width=175) (actual time=52187.712..52187.716 rows=20 loops=1)
         Sort Key: (sum((lineitem.l_extendedprice * (1::double precision - lineitem.l_discount))))
         Sort Method: top-N heapsort  Memory: 30kB
         Buffers: shared hit=442166 read=981358 written=46100
         ->  HashAggregate  (cost=1166847.00..1172491.48 rows=564448 width=175) (actual time=51634.900..52016.448 rows=381760 loops=1)
               Buffers: shared hit=442163 read=981358 written=46100
               ->  Hash Join  (cost=400770.31..1152735.80 rows=564448 width=175) (actual time=5843.265..47865.113 rows=1148406 loops=1)
                     Hash Cond: (customer.c_nationkey = nation.n_nationkey)
                     Buffers: shared hit=442163 read=981358 written=46100
                     ->  Hash Join  (cost=400768.75..1144973.08 rows=564448 width=153) (actual time=5843.215..47024.672 rows=1148406 loops=1)
                           Hash Cond: (orders.o_custkey = customer.c_custkey)
                           Buffers: shared hit=442162 read=981358 written=46100
                           ->  Merge Join  (cost=331740.75..1064656.12 rows=564448 width=12) (actual time=3834.745..42614.173 rows=1148406 loops=1)
                                 Merge Cond: (orders.o_orderkey = lineitem.l_orderkey)
                                 Buffers: shared hit=406884 read=981358 written=46100
                                 ->  Sort  (cost=331740.73..333179.56 rows=575531 width=8) (actual time=3834.634..4033.071 rows=574198 loops=1)
                                       Sort Key: orders.o_orderkey
                                       Sort Method: quicksort  Memory: 51492kB
                                       Buffers: shared hit=230092 read=1684
                                       ->  Bitmap Heap Scan on orders  (cost=12497.18..276678.14 rows=575531 width=8) (actual time=405.249..3522.939 rows=574198 loops=1)
                                             Recheck Cond: ((o_orderdate >= '1994-06-01'::date) AND (o_orderdate < '1994-09-01'::date))
                                             Buffers: shared hit=230092 read=1684
                                             ->  Bitmap Index Scan on orders_o_orderdate_o_orderkey_idx  (cost=0.00..12353.29 rows=575531 width=0) (actual time=293.894..293.894 rows=579480 loops=1)
                                                   Index Cond: ((o_orderdate >= '1994-06-01'::date) AND (o_orderdate < '1994-09-01'::date))
                                                   Buffers: shared read=1661
                                 ->  Index Scan using lineitem_l_orderkey_idx_l_returnflag on lineitem  (cost=0.00..687284.47 rows=14843518 width=12) (actual time=0.091..34967.319 rows=14807950 loops=1)
                                       Buffers: shared hit=176792 read=979674 written=46100
                           ->  Hash  (cost=50278.00..50278.00 rows=1500000 width=145) (actual time=2006.224..2006.224 rows=1500000 loops=1)
                                 Buckets: 262144  Batches: 1  Memory Usage: 265117kB
                                 Buffers: shared hit=35278
                                 ->  Seq Scan on customer  (cost=0.00..50278.00 rows=1500000 width=145) (actual time=0.018..905.788 rows=1500000 loops=1)
                                       Buffers: shared hit=35278
                     ->  Hash  (cost=1.25..1.25 rows=25 width=30) (actual time=0.024..0.024 rows=25 loops=1)
                           Buckets: 1024  Batches: 1  Memory Usage: 2kB
                           Buffers: shared hit=1
                           ->  Seq Scan on nation  (cost=0.00..1.25 rows=25 width=30) (actual time=0.007..0.014 rows=25 loops=1)
                                 Buffers: shared hit=1
 Total runtime: 52229.623 ms
(40 rows)

COMMIT;
COMMIT
