BEGIN;
BEGIN
EXPLAIN (ANALYZE, BUFFERS)
select
	s_name,
	count(*) as numwait
from
	supplier,
	lineitem l1,
	orders,
	nation
where
	s_suppkey = l1.l_suppkey
	and o_orderkey = l1.l_orderkey
	and o_orderstatus = 'F'
	and l1.l_receiptdate > l1.l_commitdate
	and exists (
		select
			*
		from
			lineitem l2
		where
			l2.l_orderkey = l1.l_orderkey
			and l2.l_suppkey <> l1.l_suppkey
	)
	and not exists (
		select
			*
		from
			lineitem l3
		where
			l3.l_orderkey = l1.l_orderkey
			and l3.l_suppkey <> l1.l_suppkey
			and l3.l_receiptdate > l3.l_commitdate
	)
	and s_nationkey = n_nationkey
	and n_name = 'SAUDI ARABIA'
group by
	s_name
order by
	numwait desc,
	s_name
LIMIT 100;
                                                                                               QUERY PLAN                                                                                               
--------------------------------------------------------------------------------------------------------------------------------------------------------------------------------------------------------
 Limit  (cost=4804070.64..4804070.64 rows=1 width=26) (actual time=197733.581..197733.600 rows=100 loops=1)
   Buffers: shared hit=10387105 read=1180599 dirtied=67 written=10038, temp read=161564 written=161558
   ->  Sort  (cost=4804070.64..4804070.64 rows=1 width=26) (actual time=197733.576..197733.582 rows=100 loops=1)
         Sort Key: (count(*)), supplier.s_name
         Sort Method: top-N heapsort  Memory: 32kB
         Buffers: shared hit=10387105 read=1180599 dirtied=67 written=10038, temp read=161564 written=161558
         ->  HashAggregate  (cost=4804070.62..4804070.63 rows=1 width=26) (actual time=197728.861..197730.615 rows=4009 loops=1)
               Buffers: shared hit=10387097 read=1180599 dirtied=67 written=10038, temp read=161564 written=161558
               ->  Nested Loop Anti Join  (cost=2654491.08..4804070.61 rows=1 width=26) (actual time=55609.871..197552.818 rows=39462 loops=1)
                     Buffers: shared hit=10387097 read=1180599 dirtied=67 written=10038, temp read=161564 written=161558
                     ->  Nested Loop  (cost=2654491.08..4804055.71 rows=1 width=34) (actual time=55602.640..163280.939 rows=707592 loops=1)
                           Join Filter: (l1.l_orderkey = orders.o_orderkey)
                           Buffers: shared hit=7235298 read=778369 dirtied=67 written=1864, temp read=161564 written=161558
                           ->  Hash Semi Join  (cost=2654491.08..4804053.76 rows=1 width=38) (actual time=55602.533..127243.010 rows=1467738 loops=1)
                                 Hash Cond: (l1.l_orderkey = l2.l_orderkey)
                                 Join Filter: (l2.l_suppkey <> l1.l_suppkey)
                                 Rows Removed by Join Filter: 382228
                                 Buffers: shared hit=1484894 read=649915 dirtied=67 written=4, temp read=161564 written=161558
                                 ->  Hash Join  (cost=2441.58..1902544.23 rows=800341 width=34) (actual time=133.794..49992.534 rows=1522405 loops=1)
                                       Hash Cond: (l1.l_suppkey = supplier.s_suppkey)
                                       Buffers: shared hit=606795 read=461539 written=2
                                       ->  Seq Scan on lineitem l1  (cost=0.00..1817042.50 rows=20015133 width=8) (actual time=0.029..34095.320 rows=37928797 loops=1)
                                             Filter: (l_receiptdate > l_commitdate)
                                             Rows Removed by Filter: 22056532
                                             Buffers: shared hit=605548 read=460927 written=2
                                       ->  Hash  (cost=2391.58..2391.58 rows=4000 width=30) (actual time=133.702..133.702 rows=4010 loops=1)
                                             Buckets: 1024  Batches: 1  Memory Usage: 251kB
                                             Buffers: shared hit=1244 read=612
                                             ->  Nested Loop  (cost=79.26..2391.58 rows=4000 width=30) (actual time=1.468..130.922 rows=4010 loops=1)
                                                   Buffers: shared hit=1244 read=612
                                                   ->  Seq Scan on nation  (cost=0.00..1.31 rows=1 width=4) (actual time=0.011..0.021 rows=1 loops=1)
                                                         Filter: (n_name = 'SAUDI ARABIA'::bpchar)
                                                         Rows Removed by Filter: 24
                                                         Buffers: shared hit=1
                                                   ->  Bitmap Heap Scan on supplier  (cost=79.26..2350.26 rows=4000 width=34) (actual time=1.451..129.199 rows=4010 loops=1)
                                                         Recheck Cond: (s_nationkey = nation.n_nationkey)
                                                         Buffers: shared hit=1243 read=612
                                                         ->  Bitmap Index Scan on supplier_s_nationkey_s_suppkey_idx  (cost=0.00..78.26 rows=4000 width=0) (actual time=1.092..1.092 rows=4010 loops=1)
                                                               Index Cond: (s_nationkey = nation.n_nationkey)
                                                               Buffers: shared read=14
                                 ->  Hash  (cost=1666929.00..1666929.00 rows=60045400 width=8) (actual time=55414.857..55414.857 rows=59985329 loops=1)
                                       Buckets: 4194304  Batches: 4  Memory Usage: 586039kB
                                       Buffers: shared hit=878099 read=188376 dirtied=67 written=2, temp written=153747
                                       ->  Seq Scan on lineitem l2  (cost=0.00..1666929.00 rows=60045400 width=8) (actual time=0.024..29754.045 rows=59985329 loops=1)
                                             Buffers: shared hit=878099 read=188376 dirtied=67 written=2
                           ->  Index Scan using orders_o_orderkey_o_orderdate_idx on orders  (cost=0.00..1.94 rows=1 width=4) (actual time=0.023..0.023 rows=0 loops=1467738)
                                 Index Cond: (o_orderkey = l2.l_orderkey)
                                 Filter: (o_orderstatus = 'F'::bpchar)
                                 Rows Removed by Filter: 1
                                 Buffers: shared hit=5750404 read=128454 written=1860
                     ->  Index Scan using lineitem_l_orderkey_idx on lineitem l3  (cost=0.00..7.42 rows=5 width=8) (actual time=0.047..0.047 rows=1 loops=707592)
                           Index Cond: (l_orderkey = l1.l_orderkey)
                           Filter: ((l_receiptdate > l_commitdate) AND (l_suppkey <> l1.l_suppkey))
                           Rows Removed by Filter: 1
                           Buffers: shared hit=3151799 read=402230 written=8174
 Total runtime: 197735.025 ms
(56 rows)

COMMIT;
COMMIT
