BEGIN;
BEGIN
EXPLAIN (ANALYZE, BUFFERS)
select
	s_name,
	count(*) as numwait
from
	supplier,
	lineitem l1,
	orders,
	nation
where
	s_suppkey = l1.l_suppkey
	and o_orderkey = l1.l_orderkey
	and o_orderstatus = 'F'
	and l1.l_receiptdate > l1.l_commitdate
	and exists (
		select
			*
		from
			lineitem l2
		where
			l2.l_orderkey = l1.l_orderkey
			and l2.l_suppkey <> l1.l_suppkey
	)
	and not exists (
		select
			*
		from
			lineitem l3
		where
			l3.l_orderkey = l1.l_orderkey
			and l3.l_suppkey <> l1.l_suppkey
			and l3.l_receiptdate > l3.l_commitdate
	)
	and s_nationkey = n_nationkey
	and n_name = 'FRANCE'
group by
	s_name
order by
	numwait desc,
	s_name
LIMIT 100;
                                                                                               QUERY PLAN                                                                                               
--------------------------------------------------------------------------------------------------------------------------------------------------------------------------------------------------------
 Limit  (cost=4866401.31..4866401.31 rows=1 width=26) (actual time=230082.990..230083.010 rows=100 loops=1)
   Buffers: shared hit=9999880 read=1493002 dirtied=78 written=4328, temp read=161627 written=161621
   ->  Sort  (cost=4866401.31..4866401.31 rows=1 width=26) (actual time=230082.986..230082.993 rows=100 loops=1)
         Sort Key: (count(*)), supplier.s_name
         Sort Method: top-N heapsort  Memory: 32kB
         Buffers: shared hit=9999880 read=1493002 dirtied=78 written=4328, temp read=161627 written=161621
         ->  HashAggregate  (cost=4866401.29..4866401.30 rows=1 width=26) (actual time=230076.535..230078.620 rows=3960 loops=1)
               Buffers: shared hit=9999872 read=1493002 dirtied=78 written=4328, temp read=161627 written=161621
               ->  Nested Loop Anti Join  (cost=2688917.81..4866401.28 rows=1 width=26) (actual time=76516.754..229899.373 rows=39331 loops=1)
                     Buffers: shared hit=9999872 read=1493002 dirtied=78 written=4328, temp read=161627 written=161621
                     ->  Nested Loop  (cost=2688917.81..4866386.07 rows=1 width=34) (actual time=76514.254..194695.723 rows=700606 loops=1)
                           Join Filter: (l1.l_orderkey = orders.o_orderkey)
                           Buffers: shared hit=7092400 read=881489 dirtied=78 written=305, temp read=161627 written=161621
                           ->  Hash Semi Join  (cost=2688917.81..4866384.07 rows=1 width=38) (actual time=76513.628..157585.237 rows=1450888 loops=1)
                                 Hash Cond: (l1.l_orderkey = l2.l_orderkey)
                                 Join Filter: (l2.l_suppkey <> l1.l_suppkey)
                                 Rows Removed by Join Filter: 376743
                                 Buffers: shared hit=1447317 read=715168 written=79, temp read=161627 written=161621
                                 ->  Hash Join  (cost=2441.58..1927209.64 rows=810731 width=34) (actual time=78.713..65075.596 rows=1504650 loops=1)
                                       Hash Cond: (l1.l_suppkey = supplier.s_suppkey)
                                       Buffers: shared hit=858608 read=223558 written=79
                                       ->  Seq Scan on lineitem l1  (cost=0.00..1840629.69 rows=20274952 width=8) (actual time=0.083..43413.565 rows=37966096 loops=1)
                                             Filter: (l_receiptdate > l_commitdate)
                                             Rows Removed by Filter: 22078937
                                             Buffers: shared hit=856775 read=223544 written=79
                                       ->  Hash  (cost=2391.58..2391.58 rows=4000 width=30) (actual time=78.446..78.446 rows=3961 loops=1)
                                             Buckets: 1024  Batches: 1  Memory Usage: 248kB
                                             Buffers: shared hit=1830 read=14
                                             ->  Nested Loop  (cost=79.26..2391.58 rows=4000 width=30) (actual time=1.963..75.792 rows=3961 loops=1)
                                                   Buffers: shared hit=1830 read=14
                                                   ->  Seq Scan on nation  (cost=0.00..1.31 rows=1 width=4) (actual time=0.015..0.025 rows=1 loops=1)
                                                         Filter: (n_name = 'FRANCE'::bpchar)
                                                         Rows Removed by Filter: 24
                                                         Buffers: shared hit=1
                                                   ->  Bitmap Heap Scan on supplier  (cost=79.26..2350.26 rows=4000 width=34) (actual time=1.934..74.065 rows=3961 loops=1)
                                                         Recheck Cond: (s_nationkey = nation.n_nationkey)
                                                         Buffers: shared hit=1829 read=14
                                                         ->  Bitmap Index Scan on supplier_s_nationkey_s_suppkey_idx  (cost=0.00..78.26 rows=4000 width=0) (actual time=1.474..1.474 rows=3961 loops=1)
                                                               Index Cond: (s_nationkey = nation.n_nationkey)
                                                               Buffers: shared read=14
                                 ->  Hash  (cost=1688567.55..1688567.55 rows=60824855 width=8) (actual time=76404.742..76404.742 rows=60045033 loops=1)
                                       Buckets: 4194304  Batches: 4  Memory Usage: 586575kB
                                       Buffers: shared hit=588709 read=491610, temp written=153905
                                       ->  Seq Scan on lineitem l2  (cost=0.00..1688567.55 rows=60824855 width=8) (actual time=0.033..49243.244 rows=60045033 loops=1)
                                             Buffers: shared hit=588709 read=491610
                           ->  Index Scan using orders_o_orderkey_o_orderdate_idx on orders  (cost=0.00..1.98 rows=1 width=4) (actual time=0.024..0.024 rows=0 loops=1450888)
                                 Index Cond: (o_orderkey = l2.l_orderkey)
                                 Filter: (o_orderstatus = 'F'::bpchar)
                                 Rows Removed by Filter: 1
                                 Buffers: shared hit=5645083 read=166321 dirtied=78 written=226
                     ->  Index Scan using lineitem_l_orderkey_idx on lineitem l3  (cost=0.00..7.58 rows=5 width=8) (actual time=0.049..0.049 rows=1 loops=700606)
                           Index Cond: (l_orderkey = l1.l_orderkey)
                           Filter: ((l_receiptdate > l_commitdate) AND (l_suppkey <> l1.l_suppkey))
                           Rows Removed by Filter: 1
                           Buffers: shared hit=2907472 read=611513 written=4023
 Total runtime: 230084.571 ms
(56 rows)

COMMIT;
COMMIT
