BEGIN;
BEGIN
EXPLAIN (ANALYZE, BUFFERS)
select
	c_custkey,
	c_name,
	sum(l_extendedprice * (1 - l_discount)) as revenue,
	c_acctbal,
	n_name,
	c_address,
	c_phone,
	c_comment
from
	customer,
	orders,
	lineitem,
	nation
where
	c_custkey = o_custkey
	and l_orderkey = o_orderkey
	and o_orderdate >= date '1993-09-01'
	and o_orderdate < cast(date '1993-09-01' + interval '3 month' as date)
	and l_returnflag = 'R'
	and c_nationkey = n_nationkey
group by
	c_custkey,
	c_name,
	c_acctbal,
	c_phone,
	n_name,
	c_address,
	c_comment
order by
	revenue desc
LIMIT 20;
                                                                                                QUERY PLAN                                                                                                 
-----------------------------------------------------------------------------------------------------------------------------------------------------------------------------------------------------------
 Limit  (cost=1181501.73..1181501.78 rows=20 width=175) (actual time=59233.153..59233.158 rows=20 loops=1)
   Buffers: shared hit=743934 read=679603 dirtied=235 written=61
   ->  Sort  (cost=1181501.73..1182884.24 rows=553005 width=175) (actual time=59233.147..59233.149 rows=20 loops=1)
         Sort Key: (sum((lineitem.l_extendedprice * (1::double precision - lineitem.l_discount))))
         Sort Method: top-N heapsort  Memory: 30kB
         Buffers: shared hit=743934 read=679603 dirtied=235 written=61
         ->  HashAggregate  (cost=1161256.42..1166786.47 rows=553005 width=175) (actual time=58701.092..59066.141 rows=378872 loops=1)
               Buffers: shared hit=743931 read=679603 dirtied=235 written=61
               ->  Hash Join  (cost=398165.48..1147431.29 rows=553005 width=175) (actual time=6995.874..53190.624 rows=1136498 loops=1)
                     Hash Cond: (customer.c_nationkey = nation.n_nationkey)
                     Buffers: shared hit=743931 read=679603 dirtied=235 written=61
                     ->  Hash Join  (cost=398163.92..1139825.91 rows=553005 width=153) (actual time=6995.821..52353.882 rows=1136498 loops=1)
                           Hash Cond: (orders.o_custkey = customer.c_custkey)
                           Buffers: shared hit=743930 read=679603 dirtied=235 written=61
                           ->  Merge Join  (cost=329135.92..1059737.81 rows=553005 width=12) (actual time=4912.557..47727.861 rows=1136498 loops=1)
                                 Merge Cond: (orders.o_orderkey = lineitem.l_orderkey)
                                 Buffers: shared hit=708653 read=679602 dirtied=235 written=61
                                 ->  Sort  (cost=329135.90..330545.52 rows=563851 width=8) (actual time=4912.332..5112.520 rows=567968 loops=1)
                                       Sort Key: orders.o_orderkey
                                       Sort Method: quicksort  Memory: 51200kB
                                       Buffers: shared hit=169244 read=61104 dirtied=235
                                       ->  Bitmap Heap Scan on orders  (cost=12029.39..275274.16 rows=563851 width=8) (actual time=482.447..4608.147 rows=567968 loops=1)
                                             Recheck Cond: ((o_orderdate >= '1993-09-01'::date) AND (o_orderdate < '1993-12-01'::date))
                                             Buffers: shared hit=169244 read=61104 dirtied=235
                                             ->  Bitmap Index Scan on orders_o_orderdate_o_orderkey_idx  (cost=0.00..11888.43 rows=563851 width=0) (actual time=357.913..357.913 rows=570689 loops=1)
                                                   Index Cond: ((o_orderdate >= '1993-09-01'::date) AND (o_orderdate < '1993-12-01'::date))
                                                   Buffers: shared read=1579
                                 ->  Index Scan using lineitem_l_orderkey_idx_l_returnflag on lineitem  (cost=0.00..685253.52 rows=14799636 width=12) (actual time=0.201..39125.794 rows=14823276 loops=1)
                                       Buffers: shared hit=539409 read=618498 written=61
                           ->  Hash  (cost=50278.00..50278.00 rows=1500000 width=145) (actual time=2081.371..2081.371 rows=1500000 loops=1)
                                 Buckets: 262144  Batches: 1  Memory Usage: 265117kB
                                 Buffers: shared hit=35277 read=1
                                 ->  Seq Scan on customer  (cost=0.00..50278.00 rows=1500000 width=145) (actual time=0.021..921.034 rows=1500000 loops=1)
                                       Buffers: shared hit=35277 read=1
                     ->  Hash  (cost=1.25..1.25 rows=25 width=30) (actual time=0.025..0.025 rows=25 loops=1)
                           Buckets: 1024  Batches: 1  Memory Usage: 2kB
                           Buffers: shared hit=1
                           ->  Seq Scan on nation  (cost=0.00..1.25 rows=25 width=30) (actual time=0.008..0.013 rows=25 loops=1)
                                 Buffers: shared hit=1
 Total runtime: 59279.265 ms
(40 rows)

COMMIT;
COMMIT
