BEGIN;
BEGIN
EXPLAIN (ANALYZE, BUFFERS)
select
	s_name,
	s_address
from
	supplier,
	nation
where
	s_suppkey in (
		select
			distinct (ps_suppkey)
		from
			partsupp,
			part
		where
			ps_partkey=p_partkey
			and p_name like 'dim%'
			and ps_availqty > (
				select
					0.5 * sum(l_quantity)
				from
					lineitem
				where
					l_partkey = ps_partkey
					and l_suppkey = ps_suppkey
					and l_shipdate >= '1997-01-01'
					and l_shipdate < cast(date '1997-01-01' + interval '1 year' as date)
			)
	)
	and s_nationkey = n_nationkey
	and n_name = 'UNITED STATES'
order by
	s_name;
                                                                                                  QUERY PLAN                                                                                                   
---------------------------------------------------------------------------------------------------------------------------------------------------------------------------------------------------------------
 Sort  (cost=12740713.76..12740716.68 rows=1169 width=51) (actual time=37658.240..37658.422 rows=1825 loops=1)
   Sort Key: supplier.s_name
   Sort Method: quicksort  Memory: 258kB
   Buffers: shared hit=2737603 read=387009 dirtied=631
   ->  Nested Loop  (cost=12736248.97..12740654.19 rows=1169 width=51) (actual time=37448.100..37625.812 rows=1825 loops=1)
         Join Filter: (supplier.s_nationkey = nation.n_nationkey)
         Rows Removed by Join Filter: 43105
         Buffers: shared hit=2737598 read=387009 dirtied=631
         ->  Seq Scan on nation  (cost=0.00..1.31 rows=1 width=4) (actual time=0.019..0.020 rows=1 loops=1)
               Filter: (n_name = 'UNITED STATES'::bpchar)
               Rows Removed by Filter: 24
               Buffers: shared hit=1
         ->  Hash Semi Join  (cost=12736248.97..12740287.69 rows=29215 width=55) (actual time=37448.041..37616.802 rows=44930 loops=1)
               Hash Cond: (supplier.s_suppkey = partsupp.ps_suppkey)
               Buffers: shared hit=2737597 read=387009 dirtied=631
               ->  Seq Scan on supplier  (cost=0.00..3179.00 rows=100000 width=59) (actual time=0.023..52.595 rows=100000 loops=1)
                     Buffers: shared hit=2179
               ->  Hash  (cost=12735883.78..12735883.78 rows=29215 width=4) (actual time=37447.961..37447.961 rows=44930 loops=1)
                     Buckets: 4096  Batches: 1  Memory Usage: 1580kB
                     Buffers: shared hit=2735418 read=387009 dirtied=631
                     ->  HashAggregate  (cost=12735299.48..12735591.63 rows=29215 width=4) (actual time=37401.093..37428.498 rows=44930 loops=1)
                           Buffers: shared hit=2735418 read=387009 dirtied=631
                           ->  Nested Loop  (cost=0.00..12735226.45 rows=29215 width=4) (actual time=1.605..37251.719 rows=59419 loops=1)
                                 Buffers: shared hit=2735418 read=387009 dirtied=631
                                 ->  Seq Scan on part  (cost=0.00..65522.00 rows=22022 width=4) (actual time=0.076..2280.644 rows=21851 loops=1)
                                       Filter: ((p_name)::text ~~ 'dim%'::text)
                                       Rows Removed by Filter: 1978149
                                       Buffers: shared hit=379 read=40143
                                 ->  Index Scan using pk_partsupp on partsupp  (cost=0.00..575.31 rows=1 width=8) (actual time=1.098..1.596 rows=3 loops=21851)
                                       Index Cond: (ps_partkey = part.p_partkey)
                                       Filter: ((ps_availqty)::double precision > (SubPlan 1))
                                       Rows Removed by Filter: 1
                                       Buffers: shared hit=2735039 read=346866 dirtied=631
                                       SubPlan 1
                                         ->  Aggregate  (cost=140.92..140.93 rows=1 width=4) (actual time=0.372..0.373 rows=1 loops=87404)
                                               Buffers: shared hit=2679648 read=312002 dirtied=631
                                               ->  Index Scan using lineitem_l_partkey_l_quantity_l_shipmode_idx on lineitem  (cost=0.00..140.92 rows=1 width=4) (actual time=0.237..0.369 rows=1 loops=87404)
                                                     Index Cond: (l_partkey = partsupp.ps_partkey)
                                                     Filter: ((l_shipdate >= '1997-01-01'::date) AND (l_shipdate < '1998-01-01'::date) AND (l_suppkey = partsupp.ps_suppkey))
                                                     Rows Removed by Filter: 29
                                                     Buffers: shared hit=2679648 read=312002 dirtied=631
 Total runtime: 37660.775 ms
(42 rows)

COMMIT;
COMMIT
